Analysis & Synthesis report for top_level_tx_e
Thu Jun 16 11:01:41 2022
Quartus Prime Version 18.0.0 Build 614 04/24/2018 SJ Lite Edition


---------------------
; Table of Contents ;
---------------------
  1. Legal Notice
  2. Analysis & Synthesis Summary
  3. Analysis & Synthesis Settings
  4. Parallel Compilation
  5. Analysis & Synthesis Source Files Read
  6. Analysis & Synthesis Resource Usage Summary
  7. Analysis & Synthesis Resource Utilization by Entity
  8. State Machine - |top_level_tx_e|transmission_e:transmission_l|current_state_s
  9. State Machine - |top_level_tx_e|morse_ascii_e:morse_reception_l|current_state_s
 10. General Register Statistics
 11. Inverted Register Statistics
 12. Multiplexer Restructuring Statistics (Restructuring Performed)
 13. Port Connectivity Checks: "signal_generator_e:signal_generator_l|c02ec_e:c_2"
 14. Port Connectivity Checks: "signal_generator_e:signal_generator_l|c05ec_e:c_4"
 15. Port Connectivity Checks: "signal_generator_e:signal_generator_l|c05ec_e:c_20"
 16. Port Connectivity Checks: "signal_generator_e:signal_generator_l|c10ec_e:c_100"
 17. Port Connectivity Checks: "signal_generator_e:signal_generator_l|c10ec_e:c_1k"
 18. Port Connectivity Checks: "signal_generator_e:signal_generator_l|c10ec_e:c_10_k"
 19. Port Connectivity Checks: "signal_generator_e:signal_generator_l|c10ec_e:c_100k"
 20. Port Connectivity Checks: "signal_generator_e:signal_generator_l|c12ec_e:c_1mz"
 21. Port Connectivity Checks: "signal_generator_e:signal_generator_l"
 22. Post-Synthesis Netlist Statistics for Top Partition
 23. Elapsed Time Per Partition
 24. Analysis & Synthesis Messages



----------------
; Legal Notice ;
----------------
Copyright (C) 2018  Intel Corporation. All rights reserved.
Your use of Intel Corporation's design tools, logic functions 
and other software and tools, and its AMPP partner logic 
functions, and any output files from any of the foregoing 
(including device programming or simulation files), and any 
associated documentation or information are expressly subject 
to the terms and conditions of the Intel Program License 
Subscription Agreement, the Intel Quartus Prime License Agreement,
the Intel FPGA IP License Agreement, or other applicable license
agreement, including, without limitation, that your use is for
the sole purpose of programming logic devices manufactured by
Intel and sold by Intel or its authorized distributors.  Please
refer to the applicable agreement for further details.



+----------------------------------------------------------------------------------+
; Analysis & Synthesis Summary                                                     ;
+------------------------------------+---------------------------------------------+
; Analysis & Synthesis Status        ; Successful - Thu Jun 16 11:01:41 2022       ;
; Quartus Prime Version              ; 18.0.0 Build 614 04/24/2018 SJ Lite Edition ;
; Revision Name                      ; top_level_tx_e                              ;
; Top-level Entity Name              ; top_level_tx_e                              ;
; Family                             ; MAX 10                                      ;
; Total logic elements               ; 232                                         ;
;     Total combinational functions  ; 222                                         ;
;     Dedicated logic registers      ; 130                                         ;
; Total registers                    ; 130                                         ;
; Total pins                         ; 4                                           ;
; Total virtual pins                 ; 0                                           ;
; Total memory bits                  ; 0                                           ;
; Embedded Multiplier 9-bit elements ; 0                                           ;
; Total PLLs                         ; 0                                           ;
; UFM blocks                         ; 0                                           ;
; ADC blocks                         ; 0                                           ;
+------------------------------------+---------------------------------------------+


+------------------------------------------------------------------------------------------------------------+
; Analysis & Synthesis Settings                                                                              ;
+------------------------------------------------------------------+--------------------+--------------------+
; Option                                                           ; Setting            ; Default Value      ;
+------------------------------------------------------------------+--------------------+--------------------+
; Device                                                           ; 10M08DCU324C8G     ;                    ;
; Top-level entity name                                            ; top_level_tx_e     ; top_level_tx_e     ;
; Family name                                                      ; MAX 10             ; Cyclone V          ;
; Use smart compilation                                            ; Off                ; Off                ;
; Enable parallel Assembler and Timing Analyzer during compilation ; On                 ; On                 ;
; Enable compact report table                                      ; Off                ; Off                ;
; Restructure Multiplexers                                         ; Auto               ; Auto               ;
; Create Debugging Nodes for IP Cores                              ; Off                ; Off                ;
; Preserve fewer node names                                        ; On                 ; On                 ;
; Intel FPGA IP Evaluation Mode                                    ; Enable             ; Enable             ;
; Verilog Version                                                  ; Verilog_2001       ; Verilog_2001       ;
; VHDL Version                                                     ; VHDL_1993          ; VHDL_1993          ;
; State Machine Processing                                         ; Auto               ; Auto               ;
; Safe State Machine                                               ; Off                ; Off                ;
; Extract Verilog State Machines                                   ; On                 ; On                 ;
; Extract VHDL State Machines                                      ; On                 ; On                 ;
; Ignore Verilog initial constructs                                ; Off                ; Off                ;
; Iteration limit for constant Verilog loops                       ; 5000               ; 5000               ;
; Iteration limit for non-constant Verilog loops                   ; 250                ; 250                ;
; Add Pass-Through Logic to Inferred RAMs                          ; On                 ; On                 ;
; Infer RAMs from Raw Logic                                        ; On                 ; On                 ;
; Parallel Synthesis                                               ; On                 ; On                 ;
; DSP Block Balancing                                              ; Auto               ; Auto               ;
; NOT Gate Push-Back                                               ; On                 ; On                 ;
; Power-Up Don't Care                                              ; On                 ; On                 ;
; Remove Redundant Logic Cells                                     ; Off                ; Off                ;
; Remove Duplicate Registers                                       ; On                 ; On                 ;
; Ignore CARRY Buffers                                             ; Off                ; Off                ;
; Ignore CASCADE Buffers                                           ; Off                ; Off                ;
; Ignore GLOBAL Buffers                                            ; Off                ; Off                ;
; Ignore ROW GLOBAL Buffers                                        ; Off                ; Off                ;
; Ignore LCELL Buffers                                             ; Off                ; Off                ;
; Ignore SOFT Buffers                                              ; On                 ; On                 ;
; Limit AHDL Integers to 32 Bits                                   ; Off                ; Off                ;
; Optimization Technique                                           ; Balanced           ; Balanced           ;
; Carry Chain Length                                               ; 70                 ; 70                 ;
; Auto Carry Chains                                                ; On                 ; On                 ;
; Auto Open-Drain Pins                                             ; On                 ; On                 ;
; Perform WYSIWYG Primitive Resynthesis                            ; Off                ; Off                ;
; Auto ROM Replacement                                             ; On                 ; On                 ;
; Auto RAM Replacement                                             ; On                 ; On                 ;
; Auto DSP Block Replacement                                       ; On                 ; On                 ;
; Auto Shift Register Replacement                                  ; Auto               ; Auto               ;
; Allow Shift Register Merging across Hierarchies                  ; Auto               ; Auto               ;
; Auto Clock Enable Replacement                                    ; On                 ; On                 ;
; Strict RAM Replacement                                           ; Off                ; Off                ;
; Allow Synchronous Control Signals                                ; On                 ; On                 ;
; Force Use of Synchronous Clear Signals                           ; Off                ; Off                ;
; Auto RAM Block Balancing                                         ; On                 ; On                 ;
; Auto RAM to Logic Cell Conversion                                ; Off                ; Off                ;
; Auto Resource Sharing                                            ; Off                ; Off                ;
; Allow Any RAM Size For Recognition                               ; Off                ; Off                ;
; Allow Any ROM Size For Recognition                               ; Off                ; Off                ;
; Allow Any Shift Register Size For Recognition                    ; Off                ; Off                ;
; Use LogicLock Constraints during Resource Balancing              ; On                 ; On                 ;
; Ignore translate_off and synthesis_off directives                ; Off                ; Off                ;
; Timing-Driven Synthesis                                          ; On                 ; On                 ;
; Report Parameter Settings                                        ; On                 ; On                 ;
; Report Source Assignments                                        ; On                 ; On                 ;
; Report Connectivity Checks                                       ; On                 ; On                 ;
; Ignore Maximum Fan-Out Assignments                               ; Off                ; Off                ;
; Synchronization Register Chain Length                            ; 2                  ; 2                  ;
; Power Optimization During Synthesis                              ; Normal compilation ; Normal compilation ;
; HDL message level                                                ; Level2             ; Level2             ;
; Suppress Register Optimization Related Messages                  ; Off                ; Off                ;
; Number of Removed Registers Reported in Synthesis Report         ; 5000               ; 5000               ;
; Number of Swept Nodes Reported in Synthesis Report               ; 5000               ; 5000               ;
; Number of Inverted Registers Reported in Synthesis Report        ; 100                ; 100                ;
; Clock MUX Protection                                             ; On                 ; On                 ;
; Auto Gated Clock Conversion                                      ; Off                ; Off                ;
; Block Design Naming                                              ; Auto               ; Auto               ;
; SDC constraint protection                                        ; Off                ; Off                ;
; Synthesis Effort                                                 ; Auto               ; Auto               ;
; Shift Register Replacement - Allow Asynchronous Clear Signal     ; On                 ; On                 ;
; Pre-Mapping Resynthesis Optimization                             ; Off                ; Off                ;
; Analysis & Synthesis Message Level                               ; Medium             ; Medium             ;
; Disable Register Merging Across Hierarchies                      ; Auto               ; Auto               ;
; Resource Aware Inference For Block RAM                           ; On                 ; On                 ;
+------------------------------------------------------------------+--------------------+--------------------+


+------------------------------------------+
; Parallel Compilation                     ;
+----------------------------+-------------+
; Processors                 ; Number      ;
+----------------------------+-------------+
; Number detected on machine ; 8           ;
; Maximum allowed            ; 4           ;
;                            ;             ;
; Average used               ; 1.00        ;
; Maximum used               ; 4           ;
;                            ;             ;
; Usage by Processor         ; % Time Used ;
;     Processor 1            ; 100.0%      ;
;     Processors 2-4         ;   0.0%      ;
+----------------------------+-------------+


+---------------------------------------------------------------------------------------------------------------------------------------------------------------------------+
; Analysis & Synthesis Source Files Read                                                                                                                                    ;
+-------------------------------------+-----------------+-----------------+---------------------------------------------------------------------------------------+---------+
; File Name with User-Entered Path    ; Used in Netlist ; File Type       ; File Name with Absolute Path                                                          ; Library ;
+-------------------------------------+-----------------+-----------------+---------------------------------------------------------------------------------------+---------+
; ../../src/tx/transmission_e.vhd     ; yes             ; User VHDL File  ; D:/VHDL/vhdl_customers/VHDL/Customers/praveen/workspace/src/tx/transmission_e.vhd     ;         ;
; ../../src/tx/transmission_a.vhd     ; yes             ; User VHDL File  ; D:/VHDL/vhdl_customers/VHDL/Customers/praveen/workspace/src/tx/transmission_a.vhd     ;         ;
; ../../src/tx/top_level_tx_e.vhd     ; yes             ; User VHDL File  ; D:/VHDL/vhdl_customers/VHDL/Customers/praveen/workspace/src/tx/top_level_tx_e.vhd     ;         ;
; ../../src/tx/top_level_tx_a.vhd     ; yes             ; User VHDL File  ; D:/VHDL/vhdl_customers/VHDL/Customers/praveen/workspace/src/tx/top_level_tx_a.vhd     ;         ;
; ../../src/tx/signal_generator_e.vhd ; yes             ; User VHDL File  ; D:/VHDL/vhdl_customers/VHDL/Customers/praveen/workspace/src/tx/signal_generator_e.vhd ;         ;
; ../../src/tx/signal_generator_a.vhd ; yes             ; User VHDL File  ; D:/VHDL/vhdl_customers/VHDL/Customers/praveen/workspace/src/tx/signal_generator_a.vhd ;         ;
; ../../src/tx/morse_ascii_e.vhd      ; yes             ; User VHDL File  ; D:/VHDL/vhdl_customers/VHDL/Customers/praveen/workspace/src/tx/morse_ascii_e.vhd      ;         ;
; ../../src/tx/morse_ascii_a.vhd      ; yes             ; User VHDL File  ; D:/VHDL/vhdl_customers/VHDL/Customers/praveen/workspace/src/tx/morse_ascii_a.vhd      ;         ;
; ../../src/tx/c12ec_e.vhd            ; yes             ; User VHDL File  ; D:/VHDL/vhdl_customers/VHDL/Customers/praveen/workspace/src/tx/c12ec_e.vhd            ;         ;
; ../../src/tx/c12ec_a.vhd            ; yes             ; User VHDL File  ; D:/VHDL/vhdl_customers/VHDL/Customers/praveen/workspace/src/tx/c12ec_a.vhd            ;         ;
; ../../src/tx/c10ec_e.vhd            ; yes             ; User VHDL File  ; D:/VHDL/vhdl_customers/VHDL/Customers/praveen/workspace/src/tx/c10ec_e.vhd            ;         ;
; ../../src/tx/c10ec_a.vhd            ; yes             ; User VHDL File  ; D:/VHDL/vhdl_customers/VHDL/Customers/praveen/workspace/src/tx/c10ec_a.vhd            ;         ;
; ../../src/tx/c05ec_e.vhd            ; yes             ; User VHDL File  ; D:/VHDL/vhdl_customers/VHDL/Customers/praveen/workspace/src/tx/c05ec_e.vhd            ;         ;
; ../../src/tx/c05ec_a.vhd            ; yes             ; User VHDL File  ; D:/VHDL/vhdl_customers/VHDL/Customers/praveen/workspace/src/tx/c05ec_a.vhd            ;         ;
; ../../src/tx/c02ec_e.vhd            ; yes             ; User VHDL File  ; D:/VHDL/vhdl_customers/VHDL/Customers/praveen/workspace/src/tx/c02ec_e.vhd            ;         ;
; ../../src/tx/c02ec_a.vhd            ; yes             ; User VHDL File  ; D:/VHDL/vhdl_customers/VHDL/Customers/praveen/workspace/src/tx/c02ec_a.vhd            ;         ;
; ../../src/tx/baud_e.vhd             ; yes             ; User VHDL File  ; D:/VHDL/vhdl_customers/VHDL/Customers/praveen/workspace/src/tx/baud_e.vhd             ;         ;
; ../../src/tx/baud_a.vhd             ; yes             ; User VHDL File  ; D:/VHDL/vhdl_customers/VHDL/Customers/praveen/workspace/src/tx/baud_a.vhd             ;         ;
+-------------------------------------+-----------------+-----------------+---------------------------------------------------------------------------------------+---------+


+-----------------------------------------------------------+
; Analysis & Synthesis Resource Usage Summary               ;
+---------------------------------------------+-------------+
; Resource                                    ; Usage       ;
+---------------------------------------------+-------------+
; Estimated Total logic elements              ; 232         ;
;                                             ;             ;
; Total combinational functions               ; 222         ;
; Logic element usage by number of LUT inputs ;             ;
;     -- 4 input functions                    ; 84          ;
;     -- 3 input functions                    ; 17          ;
;     -- <=2 input functions                  ; 121         ;
;                                             ;             ;
; Logic elements by mode                      ;             ;
;     -- normal mode                          ; 160         ;
;     -- arithmetic mode                      ; 62          ;
;                                             ;             ;
; Total registers                             ; 130         ;
;     -- Dedicated logic registers            ; 130         ;
;     -- I/O registers                        ; 0           ;
;                                             ;             ;
; I/O pins                                    ; 4           ;
;                                             ;             ;
; Embedded Multiplier 9-bit elements          ; 0           ;
;                                             ;             ;
; Maximum fan-out node                        ; clk_i~input ;
; Maximum fan-out                             ; 130         ;
; Total fan-out                               ; 1062        ;
; Average fan-out                             ; 2.95        ;
+---------------------------------------------+-------------+


+------------------------------------------------------------------------------------------------------------------------------------------------------------------------------------------------------------------------------------------------------------------------------------------------------------+
; Analysis & Synthesis Resource Utilization by Entity                                                                                                                                                                                                                                                        ;
+--------------------------------------------+---------------------+---------------------------+-------------+------------+--------------+---------+-----------+------+--------------+------------+----------------------------------------------------------------------+--------------------+--------------+
; Compilation Hierarchy Node                 ; Combinational ALUTs ; Dedicated Logic Registers ; Memory Bits ; UFM Blocks ; DSP Elements ; DSP 9x9 ; DSP 18x18 ; Pins ; Virtual Pins ; ADC blocks ; Full Hierarchy Name                                                  ; Entity Name        ; Library Name ;
+--------------------------------------------+---------------------+---------------------------+-------------+------------+--------------+---------+-----------+------+--------------+------------+----------------------------------------------------------------------+--------------------+--------------+
; |top_level_tx_e                            ; 222 (0)             ; 130 (0)                   ; 0           ; 0          ; 0            ; 0       ; 0         ; 4    ; 0            ; 0          ; |top_level_tx_e                                                      ; top_level_tx_e     ; work         ;
;    |baud_e:baud_l|                         ; 49 (49)             ; 33 (33)                   ; 0           ; 0          ; 0            ; 0       ; 0         ; 0    ; 0            ; 0          ; |top_level_tx_e|baud_e:baud_l                                        ; baud_e             ; work         ;
;    |morse_ascii_e:morse_reception_l|       ; 111 (111)           ; 49 (49)                   ; 0           ; 0          ; 0            ; 0       ; 0         ; 0    ; 0            ; 0          ; |top_level_tx_e|morse_ascii_e:morse_reception_l                      ; morse_ascii_e      ; work         ;
;    |signal_generator_e:signal_generator_l| ; 45 (0)              ; 29 (2)                    ; 0           ; 0          ; 0            ; 0       ; 0         ; 0    ; 0            ; 0          ; |top_level_tx_e|signal_generator_e:signal_generator_l                ; signal_generator_e ; work         ;
;       |c02ec_e:c_2|                        ; 2 (2)               ; 1 (1)                     ; 0           ; 0          ; 0            ; 0       ; 0         ; 0    ; 0            ; 0          ; |top_level_tx_e|signal_generator_e:signal_generator_l|c02ec_e:c_2    ; c02ec_e            ; work         ;
;       |c05ec_e:c_20|                       ; 4 (4)               ; 3 (3)                     ; 0           ; 0          ; 0            ; 0       ; 0         ; 0    ; 0            ; 0          ; |top_level_tx_e|signal_generator_e:signal_generator_l|c05ec_e:c_20   ; c05ec_e            ; work         ;
;       |c05ec_e:c_4|                        ; 5 (5)               ; 3 (3)                     ; 0           ; 0          ; 0            ; 0       ; 0         ; 0    ; 0            ; 0          ; |top_level_tx_e|signal_generator_e:signal_generator_l|c05ec_e:c_4    ; c05ec_e            ; work         ;
;       |c10ec_e:c_100k|                     ; 7 (7)               ; 4 (4)                     ; 0           ; 0          ; 0            ; 0       ; 0         ; 0    ; 0            ; 0          ; |top_level_tx_e|signal_generator_e:signal_generator_l|c10ec_e:c_100k ; c10ec_e            ; work         ;
;       |c10ec_e:c_100|                      ; 8 (8)               ; 4 (4)                     ; 0           ; 0          ; 0            ; 0       ; 0         ; 0    ; 0            ; 0          ; |top_level_tx_e|signal_generator_e:signal_generator_l|c10ec_e:c_100  ; c10ec_e            ; work         ;
;       |c10ec_e:c_10_k|                     ; 7 (7)               ; 4 (4)                     ; 0           ; 0          ; 0            ; 0       ; 0         ; 0    ; 0            ; 0          ; |top_level_tx_e|signal_generator_e:signal_generator_l|c10ec_e:c_10_k ; c10ec_e            ; work         ;
;       |c10ec_e:c_1k|                       ; 7 (7)               ; 4 (4)                     ; 0           ; 0          ; 0            ; 0       ; 0         ; 0    ; 0            ; 0          ; |top_level_tx_e|signal_generator_e:signal_generator_l|c10ec_e:c_1k   ; c10ec_e            ; work         ;
;       |c12ec_e:c_1mz|                      ; 5 (5)               ; 4 (4)                     ; 0           ; 0          ; 0            ; 0       ; 0         ; 0    ; 0            ; 0          ; |top_level_tx_e|signal_generator_e:signal_generator_l|c12ec_e:c_1mz  ; c12ec_e            ; work         ;
;    |transmission_e:transmission_l|         ; 17 (17)             ; 19 (19)                   ; 0           ; 0          ; 0            ; 0       ; 0         ; 0    ; 0            ; 0          ; |top_level_tx_e|transmission_e:transmission_l                        ; transmission_e     ; work         ;
+--------------------------------------------+---------------------+---------------------------+-------------+------------+--------------+---------+-----------+------+--------------+------------+----------------------------------------------------------------------+--------------------+--------------+
Note: For table entries with two numbers listed, the numbers in parentheses indicate the number of resources of the given type used by the specific entity alone. The numbers listed outside of parentheses indicate the total resources of the given type used by the specific entity and all of its sub-entities in the hierarchy.


Encoding Type:  One-Hot
+---------------------------------------------------------------------------------------------------------------------------------------------------------------------------------------------------------------------------------------------------------------------------------------------------------------------------------+
; State Machine - |top_level_tx_e|transmission_e:transmission_l|current_state_s                                                                                                                                                                                                                                                   ;
+--------------------------+-------------------------+--------------------------+--------------------------+--------------------------+--------------------------+--------------------------+--------------------------+--------------------------+--------------------------+--------------------------+-------------------------+
; Name                     ; current_state_s.stop_st ; current_state_s.bit_0_st ; current_state_s.bit_1_st ; current_state_s.bit_2_st ; current_state_s.bit_3_st ; current_state_s.bit_4_st ; current_state_s.bit_5_st ; current_state_s.bit_6_st ; current_state_s.bit_7_st ; current_state_s.start_st ; current_state_s.idle_st ;
+--------------------------+-------------------------+--------------------------+--------------------------+--------------------------+--------------------------+--------------------------+--------------------------+--------------------------+--------------------------+--------------------------+-------------------------+
; current_state_s.idle_st  ; 0                       ; 0                        ; 0                        ; 0                        ; 0                        ; 0                        ; 0                        ; 0                        ; 0                        ; 0                        ; 0                       ;
; current_state_s.start_st ; 0                       ; 0                        ; 0                        ; 0                        ; 0                        ; 0                        ; 0                        ; 0                        ; 0                        ; 1                        ; 1                       ;
; current_state_s.bit_7_st ; 0                       ; 0                        ; 0                        ; 0                        ; 0                        ; 0                        ; 0                        ; 0                        ; 1                        ; 0                        ; 1                       ;
; current_state_s.bit_6_st ; 0                       ; 0                        ; 0                        ; 0                        ; 0                        ; 0                        ; 0                        ; 1                        ; 0                        ; 0                        ; 1                       ;
; current_state_s.bit_5_st ; 0                       ; 0                        ; 0                        ; 0                        ; 0                        ; 0                        ; 1                        ; 0                        ; 0                        ; 0                        ; 1                       ;
; current_state_s.bit_4_st ; 0                       ; 0                        ; 0                        ; 0                        ; 0                        ; 1                        ; 0                        ; 0                        ; 0                        ; 0                        ; 1                       ;
; current_state_s.bit_3_st ; 0                       ; 0                        ; 0                        ; 0                        ; 1                        ; 0                        ; 0                        ; 0                        ; 0                        ; 0                        ; 1                       ;
; current_state_s.bit_2_st ; 0                       ; 0                        ; 0                        ; 1                        ; 0                        ; 0                        ; 0                        ; 0                        ; 0                        ; 0                        ; 1                       ;
; current_state_s.bit_1_st ; 0                       ; 0                        ; 1                        ; 0                        ; 0                        ; 0                        ; 0                        ; 0                        ; 0                        ; 0                        ; 1                       ;
; current_state_s.bit_0_st ; 0                       ; 1                        ; 0                        ; 0                        ; 0                        ; 0                        ; 0                        ; 0                        ; 0                        ; 0                        ; 1                       ;
; current_state_s.stop_st  ; 1                       ; 0                        ; 0                        ; 0                        ; 0                        ; 0                        ; 0                        ; 0                        ; 0                        ; 0                        ; 1                       ;
+--------------------------+-------------------------+--------------------------+--------------------------+--------------------------+--------------------------+--------------------------+--------------------------+--------------------------+--------------------------+--------------------------+-------------------------+


Encoding Type:  One-Hot
+-----------------------------------------------------------------------------------------------------------------------------------------------------------------------------------------------------------------------------------------------------------------------------------------------------------------+
; State Machine - |top_level_tx_e|morse_ascii_e:morse_reception_l|current_state_s                                                                                                                                                                                                                                 ;
+--------------------------------+-------------------------------+-----------------------------+------------------------------+----------------------------+------------------------------+--------------------------------+-----------------------------+------------------------------+-------------------------+
; Name                           ; current_state_s.data_valid_st ; current_state_s.res_dash_st ; current_state_s.wait_dash_st ; current_state_s.res_dot_st ; current_state_s.check_dot_st ; current_state_s.check_dot_h_st ; current_state_s.wait_dot_st ; current_state_s.wait_next_st ; current_state_s.idle_st ;
+--------------------------------+-------------------------------+-----------------------------+------------------------------+----------------------------+------------------------------+--------------------------------+-----------------------------+------------------------------+-------------------------+
; current_state_s.idle_st        ; 0                             ; 0                           ; 0                            ; 0                          ; 0                            ; 0                              ; 0                           ; 0                            ; 0                       ;
; current_state_s.wait_next_st   ; 0                             ; 0                           ; 0                            ; 0                          ; 0                            ; 0                              ; 0                           ; 1                            ; 1                       ;
; current_state_s.wait_dot_st    ; 0                             ; 0                           ; 0                            ; 0                          ; 0                            ; 0                              ; 1                           ; 0                            ; 1                       ;
; current_state_s.check_dot_h_st ; 0                             ; 0                           ; 0                            ; 0                          ; 0                            ; 1                              ; 0                           ; 0                            ; 1                       ;
; current_state_s.check_dot_st   ; 0                             ; 0                           ; 0                            ; 0                          ; 1                            ; 0                              ; 0                           ; 0                            ; 1                       ;
; current_state_s.res_dot_st     ; 0                             ; 0                           ; 0                            ; 1                          ; 0                            ; 0                              ; 0                           ; 0                            ; 1                       ;
; current_state_s.wait_dash_st   ; 0                             ; 0                           ; 1                            ; 0                          ; 0                            ; 0                              ; 0                           ; 0                            ; 1                       ;
; current_state_s.res_dash_st    ; 0                             ; 1                           ; 0                            ; 0                          ; 0                            ; 0                              ; 0                           ; 0                            ; 1                       ;
; current_state_s.data_valid_st  ; 1                             ; 0                           ; 0                            ; 0                          ; 0                            ; 0                              ; 0                           ; 0                            ; 1                       ;
+--------------------------------+-------------------------------+-----------------------------+------------------------------+----------------------------+------------------------------+--------------------------------+-----------------------------+------------------------------+-------------------------+


+------------------------------------------------------+
; General Register Statistics                          ;
+----------------------------------------------+-------+
; Statistic                                    ; Value ;
+----------------------------------------------+-------+
; Total registers                              ; 130   ;
; Number of registers using Synchronous Clear  ; 0     ;
; Number of registers using Synchronous Load   ; 0     ;
; Number of registers using Asynchronous Clear ; 122   ;
; Number of registers using Asynchronous Load  ; 0     ;
; Number of registers using Clock Enable       ; 49    ;
; Number of registers using Preset             ; 0     ;
+----------------------------------------------+-------+


+------------------------------------------------------+
; Inverted Register Statistics                         ;
+--------------------------------------------+---------+
; Inverted Register                          ; Fan out ;
+--------------------------------------------+---------+
; baud_e:baud_l|count[0]                     ; 3       ;
; morse_ascii_e:morse_reception_l|count_s[3] ; 2       ;
; Total number of inverted registers = 2     ;         ;
+--------------------------------------------+---------+


+---------------------------------------------------------------------------------------------------------------------------------------------------------------------------+
; Multiplexer Restructuring Statistics (Restructuring Performed)                                                                                                            ;
+--------------------+-----------+---------------+----------------------+------------------------+------------+-------------------------------------------------------------+
; Multiplexer Inputs ; Bus Width ; Baseline Area ; Area if Restructured ; Saving if Restructured ; Registered ; Example Multiplexer Output                                  ;
+--------------------+-----------+---------------+----------------------+------------------------+------------+-------------------------------------------------------------+
; 4:1                ; 29 bits   ; 58 LEs        ; 29 LEs               ; 29 LEs                 ; Yes        ; |top_level_tx_e|morse_ascii_e:morse_reception_l|count_s[21] ;
; 4:1                ; 3 bits    ; 6 LEs         ; 3 LEs                ; 3 LEs                  ; Yes        ; |top_level_tx_e|morse_ascii_e:morse_reception_l|count_s[3]  ;
+--------------------+-----------+---------------+----------------------+------------------------+------------+-------------------------------------------------------------+


+-------------------------------------------------------------------------------+
; Port Connectivity Checks: "signal_generator_e:signal_generator_l|c02ec_e:c_2" ;
+------+-------+----------+-----------------------------------------------------+
; Port ; Type  ; Severity ; Details                                             ;
+------+-------+----------+-----------------------------------------------------+
; cl_i ; Input ; Info     ; Stuck at GND                                        ;
+------+-------+----------+-----------------------------------------------------+


+-------------------------------------------------------------------------------+
; Port Connectivity Checks: "signal_generator_e:signal_generator_l|c05ec_e:c_4" ;
+------+-------+----------+-----------------------------------------------------+
; Port ; Type  ; Severity ; Details                                             ;
+------+-------+----------+-----------------------------------------------------+
; cl_i ; Input ; Info     ; Stuck at GND                                        ;
+------+-------+----------+-----------------------------------------------------+


+----------------------------------------------------------------------------------------------------------------+
; Port Connectivity Checks: "signal_generator_e:signal_generator_l|c05ec_e:c_20"                                 ;
+------+--------+----------+-------------------------------------------------------------------------------------+
; Port ; Type   ; Severity ; Details                                                                             ;
+------+--------+----------+-------------------------------------------------------------------------------------+
; cl_i ; Input  ; Info     ; Stuck at GND                                                                        ;
; q3_o ; Output ; Info     ; Connected to dangling logic. Logic that only feeds a dangling port will be removed. ;
+------+--------+----------+-------------------------------------------------------------------------------------+


+----------------------------------------------------------------------------------------------------------------+
; Port Connectivity Checks: "signal_generator_e:signal_generator_l|c10ec_e:c_100"                                ;
+------+--------+----------+-------------------------------------------------------------------------------------+
; Port ; Type   ; Severity ; Details                                                                             ;
+------+--------+----------+-------------------------------------------------------------------------------------+
; cl_i ; Input  ; Info     ; Stuck at GND                                                                        ;
; q3_o ; Output ; Info     ; Connected to dangling logic. Logic that only feeds a dangling port will be removed. ;
+------+--------+----------+-------------------------------------------------------------------------------------+


+----------------------------------------------------------------------------------------------------------------+
; Port Connectivity Checks: "signal_generator_e:signal_generator_l|c10ec_e:c_1k"                                 ;
+------+--------+----------+-------------------------------------------------------------------------------------+
; Port ; Type   ; Severity ; Details                                                                             ;
+------+--------+----------+-------------------------------------------------------------------------------------+
; cl_i ; Input  ; Info     ; Stuck at GND                                                                        ;
; q3_o ; Output ; Info     ; Connected to dangling logic. Logic that only feeds a dangling port will be removed. ;
+------+--------+----------+-------------------------------------------------------------------------------------+


+----------------------------------------------------------------------------------------------------------------+
; Port Connectivity Checks: "signal_generator_e:signal_generator_l|c10ec_e:c_10_k"                               ;
+------+--------+----------+-------------------------------------------------------------------------------------+
; Port ; Type   ; Severity ; Details                                                                             ;
+------+--------+----------+-------------------------------------------------------------------------------------+
; cl_i ; Input  ; Info     ; Stuck at GND                                                                        ;
; q3_o ; Output ; Info     ; Connected to dangling logic. Logic that only feeds a dangling port will be removed. ;
+------+--------+----------+-------------------------------------------------------------------------------------+


+----------------------------------------------------------------------------------------------------------------+
; Port Connectivity Checks: "signal_generator_e:signal_generator_l|c10ec_e:c_100k"                               ;
+------+--------+----------+-------------------------------------------------------------------------------------+
; Port ; Type   ; Severity ; Details                                                                             ;
+------+--------+----------+-------------------------------------------------------------------------------------+
; cl_i ; Input  ; Info     ; Stuck at GND                                                                        ;
; q3_o ; Output ; Info     ; Connected to dangling logic. Logic that only feeds a dangling port will be removed. ;
+------+--------+----------+-------------------------------------------------------------------------------------+


+----------------------------------------------------------------------------------------------------------------+
; Port Connectivity Checks: "signal_generator_e:signal_generator_l|c12ec_e:c_1mz"                                ;
+------+--------+----------+-------------------------------------------------------------------------------------+
; Port ; Type   ; Severity ; Details                                                                             ;
+------+--------+----------+-------------------------------------------------------------------------------------+
; en_i ; Input  ; Info     ; Stuck at VCC                                                                        ;
; cl_i ; Input  ; Info     ; Stuck at GND                                                                        ;
; q3_o ; Output ; Info     ; Connected to dangling logic. Logic that only feeds a dangling port will be removed. ;
+------+--------+----------+-------------------------------------------------------------------------------------+


+-------------------------------------------------------------------------------------------------------------------+
; Port Connectivity Checks: "signal_generator_e:signal_generator_l"                                                 ;
+---------+--------+----------+-------------------------------------------------------------------------------------+
; Port    ; Type   ; Severity ; Details                                                                             ;
+---------+--------+----------+-------------------------------------------------------------------------------------+
; dotl_o  ; Output ; Info     ; Connected to dangling logic. Logic that only feeds a dangling port will be removed. ;
; dashl_o ; Output ; Info     ; Connected to dangling logic. Logic that only feeds a dangling port will be removed. ;
+---------+--------+----------+-------------------------------------------------------------------------------------+


+-----------------------------------------------------+
; Post-Synthesis Netlist Statistics for Top Partition ;
+-----------------------+-----------------------------+
; Type                  ; Count                       ;
+-----------------------+-----------------------------+
; boundary_port         ; 4                           ;
; cycloneiii_ff         ; 130                         ;
;     CLR               ; 81                          ;
;     ENA               ; 8                           ;
;     ENA CLR           ; 41                          ;
; cycloneiii_lcell_comb ; 222                         ;
;     arith             ; 62                          ;
;         2 data inputs ; 62                          ;
;     normal            ; 160                         ;
;         1 data inputs ; 3                           ;
;         2 data inputs ; 56                          ;
;         3 data inputs ; 17                          ;
;         4 data inputs ; 84                          ;
;                       ;                             ;
; Max LUT depth         ; 6.00                        ;
; Average LUT depth     ; 3.51                        ;
+-----------------------+-----------------------------+


+-------------------------------+
; Elapsed Time Per Partition    ;
+----------------+--------------+
; Partition Name ; Elapsed Time ;
+----------------+--------------+
; Top            ; 00:00:00     ;
+----------------+--------------+


+-------------------------------+
; Analysis & Synthesis Messages ;
+-------------------------------+
Info: *******************************************************************
Info: Running Quartus Prime Analysis & Synthesis
    Info: Version 18.0.0 Build 614 04/24/2018 SJ Lite Edition
    Info: Processing started: Thu Jun 16 11:01:29 2022
Info: Command: quartus_map --read_settings_files=on --write_settings_files=off top_level_tx_e -c top_level_tx_e
Warning (18236): Number of processors has not been specified which may cause overloading on shared machines.  Set the global assignment NUM_PARALLEL_PROCESSORS in your QSF to an appropriate value for best performance.
Info (20030): Parallel compilation is enabled and will use 4 of the 4 processors detected
Info (12021): Found 1 design units, including 1 entities, in source file /vhdl/vhdl_customers/vhdl/customers/praveen/workspace/src/tx/transmission_e.vhd
    Info (12023): Found entity 1: transmission_e File: D:/VHDL/vhdl_customers/VHDL/Customers/praveen/workspace/src/tx/transmission_e.vhd Line: 4
Info (12021): Found 1 design units, including 0 entities, in source file /vhdl/vhdl_customers/vhdl/customers/praveen/workspace/src/tx/transmission_a.vhd
    Info (12022): Found design unit 1: transmission_e-transmission_a File: D:/VHDL/vhdl_customers/VHDL/Customers/praveen/workspace/src/tx/transmission_a.vhd Line: 1
Info (12021): Found 1 design units, including 1 entities, in source file /vhdl/vhdl_customers/vhdl/customers/praveen/workspace/src/tx/top_level_tx_e.vhd
    Info (12023): Found entity 1: top_level_tx_e File: D:/VHDL/vhdl_customers/VHDL/Customers/praveen/workspace/src/tx/top_level_tx_e.vhd Line: 5
Info (12021): Found 1 design units, including 0 entities, in source file /vhdl/vhdl_customers/vhdl/customers/praveen/workspace/src/tx/top_level_tx_a.vhd
    Info (12022): Found design unit 1: top_level_tx_e-top_level_tx_a File: D:/VHDL/vhdl_customers/VHDL/Customers/praveen/workspace/src/tx/top_level_tx_a.vhd Line: 5
Info (12021): Found 1 design units, including 1 entities, in source file /vhdl/vhdl_customers/vhdl/customers/praveen/workspace/src/tx/signal_generator_e.vhd
    Info (12023): Found entity 1: signal_generator_e File: D:/VHDL/vhdl_customers/VHDL/Customers/praveen/workspace/src/tx/signal_generator_e.vhd Line: 5
Info (12021): Found 1 design units, including 0 entities, in source file /vhdl/vhdl_customers/vhdl/customers/praveen/workspace/src/tx/signal_generator_a.vhd
    Info (12022): Found design unit 1: signal_generator_e-signal_generator_a File: D:/VHDL/vhdl_customers/VHDL/Customers/praveen/workspace/src/tx/signal_generator_a.vhd Line: 5
Info (12021): Found 1 design units, including 1 entities, in source file /vhdl/vhdl_customers/vhdl/customers/praveen/workspace/src/tx/morse_ascii_e.vhd
    Info (12023): Found entity 1: morse_ascii_e File: D:/VHDL/vhdl_customers/VHDL/Customers/praveen/workspace/src/tx/morse_ascii_e.vhd Line: 5
Info (12021): Found 1 design units, including 0 entities, in source file /vhdl/vhdl_customers/vhdl/customers/praveen/workspace/src/tx/morse_ascii_a.vhd
    Info (12022): Found design unit 1: morse_ascii_e-morse_ascii_a File: D:/VHDL/vhdl_customers/VHDL/Customers/praveen/workspace/src/tx/morse_ascii_a.vhd Line: 5
Info (12021): Found 1 design units, including 1 entities, in source file /vhdl/vhdl_customers/vhdl/customers/praveen/workspace/src/tx/c12ec_e.vhd
    Info (12023): Found entity 1: c12ec_e File: D:/VHDL/vhdl_customers/VHDL/Customers/praveen/workspace/src/tx/c12ec_e.vhd Line: 4
Info (12021): Found 1 design units, including 0 entities, in source file /vhdl/vhdl_customers/vhdl/customers/praveen/workspace/src/tx/c12ec_a.vhd
    Info (12022): Found design unit 1: c12ec_e-c12ec_a File: D:/VHDL/vhdl_customers/VHDL/Customers/praveen/workspace/src/tx/c12ec_a.vhd Line: 1
Info (12021): Found 1 design units, including 1 entities, in source file /vhdl/vhdl_customers/vhdl/customers/praveen/workspace/src/tx/c10ec_e.vhd
    Info (12023): Found entity 1: c10ec_e File: D:/VHDL/vhdl_customers/VHDL/Customers/praveen/workspace/src/tx/c10ec_e.vhd Line: 4
Info (12021): Found 1 design units, including 0 entities, in source file /vhdl/vhdl_customers/vhdl/customers/praveen/workspace/src/tx/c10ec_a.vhd
    Info (12022): Found design unit 1: c10ec_e-c10ec_a File: D:/VHDL/vhdl_customers/VHDL/Customers/praveen/workspace/src/tx/c10ec_a.vhd Line: 1
Info (12021): Found 1 design units, including 1 entities, in source file /vhdl/vhdl_customers/vhdl/customers/praveen/workspace/src/tx/c05ec_e.vhd
    Info (12023): Found entity 1: c05ec_e File: D:/VHDL/vhdl_customers/VHDL/Customers/praveen/workspace/src/tx/c05ec_e.vhd Line: 4
Info (12021): Found 1 design units, including 0 entities, in source file /vhdl/vhdl_customers/vhdl/customers/praveen/workspace/src/tx/c05ec_a.vhd
    Info (12022): Found design unit 1: c05ec_e-c05ec_a File: D:/VHDL/vhdl_customers/VHDL/Customers/praveen/workspace/src/tx/c05ec_a.vhd Line: 1
Info (12021): Found 1 design units, including 1 entities, in source file /vhdl/vhdl_customers/vhdl/customers/praveen/workspace/src/tx/c02ec_e.vhd
    Info (12023): Found entity 1: c02ec_e File: D:/VHDL/vhdl_customers/VHDL/Customers/praveen/workspace/src/tx/c02ec_e.vhd Line: 4
Info (12021): Found 1 design units, including 0 entities, in source file /vhdl/vhdl_customers/vhdl/customers/praveen/workspace/src/tx/c02ec_a.vhd
    Info (12022): Found design unit 1: c02ec_e-c02ec_a File: D:/VHDL/vhdl_customers/VHDL/Customers/praveen/workspace/src/tx/c02ec_a.vhd Line: 1
Info (12021): Found 1 design units, including 1 entities, in source file /vhdl/vhdl_customers/vhdl/customers/praveen/workspace/src/tx/baud_e.vhd
    Info (12023): Found entity 1: baud_e File: D:/VHDL/vhdl_customers/VHDL/Customers/praveen/workspace/src/tx/baud_e.vhd Line: 5
Info (12021): Found 1 design units, including 0 entities, in source file /vhdl/vhdl_customers/vhdl/customers/praveen/workspace/src/tx/baud_a.vhd
    Info (12022): Found design unit 1: baud_e-baud_a File: D:/VHDL/vhdl_customers/VHDL/Customers/praveen/workspace/src/tx/baud_a.vhd Line: 6
Info (12127): Elaborating entity "top_level_tx_e" for the top level hierarchy
Warning (10036): Verilog HDL or VHDL warning at top_level_tx_a.vhd(47): object "dotl_s" assigned a value but never read File: D:/VHDL/vhdl_customers/VHDL/Customers/praveen/workspace/src/tx/top_level_tx_a.vhd Line: 47
Warning (10036): Verilog HDL or VHDL warning at top_level_tx_a.vhd(47): object "dashl_s" assigned a value but never read File: D:/VHDL/vhdl_customers/VHDL/Customers/praveen/workspace/src/tx/top_level_tx_a.vhd Line: 47
Info (12128): Elaborating entity "baud_e" for hierarchy "baud_e:baud_l" File: D:/VHDL/vhdl_customers/VHDL/Customers/praveen/workspace/src/tx/top_level_tx_a.vhd Line: 53
Info (12128): Elaborating entity "signal_generator_e" for hierarchy "signal_generator_e:signal_generator_l" File: D:/VHDL/vhdl_customers/VHDL/Customers/praveen/workspace/src/tx/top_level_tx_a.vhd Line: 55
Warning (10036): Verilog HDL or VHDL warning at signal_generator_a.vhd(31): object "c1m_q_s" assigned a value but never read File: D:/VHDL/vhdl_customers/VHDL/Customers/praveen/workspace/src/tx/signal_generator_a.vhd Line: 31
Warning (10036): Verilog HDL or VHDL warning at signal_generator_a.vhd(31): object "c100k_q_s" assigned a value but never read File: D:/VHDL/vhdl_customers/VHDL/Customers/praveen/workspace/src/tx/signal_generator_a.vhd Line: 31
Warning (10036): Verilog HDL or VHDL warning at signal_generator_a.vhd(31): object "c10k_q_s" assigned a value but never read File: D:/VHDL/vhdl_customers/VHDL/Customers/praveen/workspace/src/tx/signal_generator_a.vhd Line: 31
Warning (10036): Verilog HDL or VHDL warning at signal_generator_a.vhd(31): object "c1k_q_s" assigned a value but never read File: D:/VHDL/vhdl_customers/VHDL/Customers/praveen/workspace/src/tx/signal_generator_a.vhd Line: 31
Warning (10036): Verilog HDL or VHDL warning at signal_generator_a.vhd(31): object "c100_q_s" assigned a value but never read File: D:/VHDL/vhdl_customers/VHDL/Customers/praveen/workspace/src/tx/signal_generator_a.vhd Line: 31
Warning (10036): Verilog HDL or VHDL warning at signal_generator_a.vhd(31): object "c20_q_s" assigned a value but never read File: D:/VHDL/vhdl_customers/VHDL/Customers/praveen/workspace/src/tx/signal_generator_a.vhd Line: 31
Info (12128): Elaborating entity "c12ec_e" for hierarchy "signal_generator_e:signal_generator_l|c12ec_e:c_1mz" File: D:/VHDL/vhdl_customers/VHDL/Customers/praveen/workspace/src/tx/signal_generator_a.vhd Line: 38
Info (12128): Elaborating entity "c10ec_e" for hierarchy "signal_generator_e:signal_generator_l|c10ec_e:c_100k" File: D:/VHDL/vhdl_customers/VHDL/Customers/praveen/workspace/src/tx/signal_generator_a.vhd Line: 39
Info (12128): Elaborating entity "c05ec_e" for hierarchy "signal_generator_e:signal_generator_l|c05ec_e:c_20" File: D:/VHDL/vhdl_customers/VHDL/Customers/praveen/workspace/src/tx/signal_generator_a.vhd Line: 43
Info (12128): Elaborating entity "c02ec_e" for hierarchy "signal_generator_e:signal_generator_l|c02ec_e:c_2" File: D:/VHDL/vhdl_customers/VHDL/Customers/praveen/workspace/src/tx/signal_generator_a.vhd Line: 45
Info (12128): Elaborating entity "morse_ascii_e" for hierarchy "morse_ascii_e:morse_reception_l" File: D:/VHDL/vhdl_customers/VHDL/Customers/praveen/workspace/src/tx/top_level_tx_a.vhd Line: 57
Info (12128): Elaborating entity "transmission_e" for hierarchy "transmission_e:transmission_l" File: D:/VHDL/vhdl_customers/VHDL/Customers/praveen/workspace/src/tx/top_level_tx_a.vhd Line: 59
Info (13000): Registers with preset signals will power-up high File: D:/VHDL/vhdl_customers/VHDL/Customers/praveen/workspace/src/tx/morse_ascii_a.vhd Line: 18
Info (13003): DEV_CLRn pin will set, and not reset, register with preset signal due to NOT Gate Push-Back
Info (286030): Timing-Driven Synthesis is running
Critical Warning (18061): Ignored Power-Up Level option on the following registers
    Critical Warning (18010): Register morse_ascii_e:morse_reception_l|count_s[31] will power up to Low File: D:/VHDL/vhdl_customers/VHDL/Customers/praveen/workspace/src/tx/morse_ascii_a.vhd Line: 18
    Critical Warning (18010): Register morse_ascii_e:morse_reception_l|count_s[3] will power up to High File: D:/VHDL/vhdl_customers/VHDL/Customers/praveen/workspace/src/tx/morse_ascii_a.vhd Line: 18
    Critical Warning (18010): Register morse_ascii_e:morse_reception_l|count_s[0] will power up to Low File: D:/VHDL/vhdl_customers/VHDL/Customers/praveen/workspace/src/tx/morse_ascii_a.vhd Line: 18
Info (16010): Generating hard_block partition "hard_block:auto_generated_inst"
    Info (16011): Adding 0 node(s), including 0 DDIO, 0 PLL, 0 transceiver and 0 LCELL
Info (21057): Implemented 237 device resources after synthesis - the final resource count might be different
    Info (21058): Implemented 3 input pins
    Info (21059): Implemented 1 output pins
    Info (21061): Implemented 233 logic cells
Info: Quartus Prime Analysis & Synthesis was successful. 0 errors, 13 warnings
    Info: Peak virtual memory: 4785 megabytes
    Info: Processing ended: Thu Jun 16 11:01:41 2022
    Info: Elapsed time: 00:00:12
    Info: Total CPU time (on all processors): 00:00:26


