Flow report for toplevel_e
Fri Jan 28 18:47:14 2022
Quartus Prime Version 18.0.0 Build 614 04/24/2018 SJ Lite Edition


---------------------
; Table of Contents ;
---------------------
  1. Legal Notice
  2. Flow Summary
  3. Flow Settings
  4. Flow Non-Default Global Settings
  5. Flow Elapsed Time
  6. Flow OS Summary
  7. Flow Log
  8. Flow Messages
  9. Flow Suppressed Messages



----------------
; Legal Notice ;
----------------
Copyright (C) 2018  Intel Corporation. All rights reserved.
Your use of Intel Corporation's design tools, logic functions 
and other software and tools, and its AMPP partner logic 
functions, and any output files from any of the foregoing 
(including device programming or simulation files), and any 
associated documentation or information are expressly subject 
to the terms and conditions of the Intel Program License 
Subscription Agreement, the Intel Quartus Prime License Agreement,
the Intel FPGA IP License Agreement, or other applicable license
agreement, including, without limitation, that your use is for
the sole purpose of programming logic devices manufactured by
Intel and sold by Intel or its authorized distributors.  Please
refer to the applicable agreement for further details.



+----------------------------------------------------------------------------------+
; Flow Summary                                                                     ;
+------------------------------------+---------------------------------------------+
; Flow Status                        ; Successful - Fri Jan 28 18:47:14 2022       ;
; Quartus Prime Version              ; 18.0.0 Build 614 04/24/2018 SJ Lite Edition ;
; Revision Name                      ; toplevel_e                                  ;
; Top-level Entity Name              ; toplevel_e                                  ;
; Family                             ; MAX 10                                      ;
; Device                             ; 10M16SAU169C8G                              ;
; Timing Models                      ; Final                                       ;
; Total logic elements               ; 489 / 15,840 ( 3 % )                        ;
;     Total combinational functions  ; 408 / 15,840 ( 3 % )                        ;
;     Dedicated logic registers      ; 238 / 15,840 ( 2 % )                        ;
; Total registers                    ; 238                                         ;
; Total pins                         ; 18 / 130 ( 14 % )                           ;
; Total virtual pins                 ; 0                                           ;
; Total memory bits                  ; 0 / 562,176 ( 0 % )                         ;
; Embedded Multiplier 9-bit elements ; 0 / 90 ( 0 % )                              ;
; Total PLLs                         ; 0 / 1 ( 0 % )                               ;
; UFM blocks                         ; 0 / 1 ( 0 % )                               ;
; ADC blocks                         ; 0 / 1 ( 0 % )                               ;
+------------------------------------+---------------------------------------------+


+-----------------------------------------+
; Flow Settings                           ;
+-------------------+---------------------+
; Option            ; Setting             ;
+-------------------+---------------------+
; Start date & time ; 01/28/2022 18:46:23 ;
; Main task         ; Compilation         ;
; Revision Name     ; toplevel_e          ;
+-------------------+---------------------+


+-------------------------------------------------------------------------------------------------------------------------+
; Flow Non-Default Global Settings                                                                                        ;
+-------------------------------------+----------------------------------------+---------------+-------------+------------+
; Assignment Name                     ; Value                                  ; Default Value ; Entity Name ; Section Id ;
+-------------------------------------+----------------------------------------+---------------+-------------+------------+
; COMPILER_SIGNATURE_ID               ; 414260460256.164339198317236           ; --            ; --          ; --         ;
; MAX_CORE_JUNCTION_TEMP              ; 85                                     ; --            ; --          ; --         ;
; MIN_CORE_JUNCTION_TEMP              ; 0                                      ; --            ; --          ; --         ;
; PARTITION_COLOR                     ; -- (Not supported for targeted family) ; --            ; --          ; Top        ;
; PARTITION_FITTER_PRESERVATION_LEVEL ; -- (Not supported for targeted family) ; --            ; --          ; Top        ;
; PARTITION_NETLIST_TYPE              ; -- (Not supported for targeted family) ; --            ; --          ; Top        ;
; PROJECT_OUTPUT_DIRECTORY            ; output_files                           ; --            ; --          ; --         ;
+-------------------------------------+----------------------------------------+---------------+-------------+------------+


+--------------------------------------------------------------------------------------------------------------------------+
; Flow Elapsed Time                                                                                                        ;
+----------------------+--------------+-------------------------+---------------------+------------------------------------+
; Module Name          ; Elapsed Time ; Average Processors Used ; Peak Virtual Memory ; Total CPU Time (on all processors) ;
+----------------------+--------------+-------------------------+---------------------+------------------------------------+
; Analysis & Synthesis ; 00:00:15     ; 1.0                     ; 4793 MB             ; 00:00:25                           ;
; Fitter               ; 00:00:14     ; 1.1                     ; 5568 MB             ; 00:00:15                           ;
; Assembler            ; 00:00:02     ; 1.0                     ; 4676 MB             ; 00:00:01                           ;
; Power Analyzer       ; 00:00:05     ; 1.1                     ; 4825 MB             ; 00:00:05                           ;
; Timing Analyzer      ; 00:00:04     ; 1.1                     ; 4789 MB             ; 00:00:04                           ;
; Total                ; 00:00:40     ; --                      ; --                  ; 00:00:50                           ;
+----------------------+--------------+-------------------------+---------------------+------------------------------------+


+------------------------------------------------------------------------------------+
; Flow OS Summary                                                                    ;
+----------------------+------------------+------------+------------+----------------+
; Module Name          ; Machine Hostname ; OS Name    ; OS Version ; Processor type ;
+----------------------+------------------+------------+------------+----------------+
; Analysis & Synthesis ; laptop367        ; Windows 10 ; 10.0       ; x86_64         ;
; Fitter               ; laptop367        ; Windows 10 ; 10.0       ; x86_64         ;
; Assembler            ; laptop367        ; Windows 10 ; 10.0       ; x86_64         ;
; Power Analyzer       ; laptop367        ; Windows 10 ; 10.0       ; x86_64         ;
; Timing Analyzer      ; laptop367        ; Windows 10 ; 10.0       ; x86_64         ;
+----------------------+------------------+------------+------------+----------------+


------------
; Flow Log ;
------------
quartus_map --read_settings_files=on --write_settings_files=off TBC_Project -c toplevel_e
quartus_fit --read_settings_files=off --write_settings_files=off TBC_Project -c toplevel_e
quartus_asm --read_settings_files=off --write_settings_files=off TBC_Project -c toplevel_e
quartus_pow --read_settings_files=off --write_settings_files=off TBC_Project -c toplevel_e
quartus_sta TBC_Project -c toplevel_e
quartus_eda --read_settings_files=on --write_settings_files=off TBC_Project -c toplevel_e



